d:\学校data\dx 22 後期　20191015\hew 製作\debug\vc141.pdb
d:\学校data\dx 22 後期　20191015\hew 製作\debug\vc141.idb
d:\学校data\dx 22 後期　20191015\hew 製作\debug\texture.obj
d:\学校data\dx 22 後期　20191015\hew 製作\debug\system_timer.obj
d:\学校data\dx 22 後期　20191015\hew 製作\debug\sprite.obj
d:\学校data\dx 22 後期　20191015\hew 製作\debug\spriteanim.obj
d:\学校data\dx 22 後期　20191015\hew 製作\debug\mydirect3d.obj
d:\学校data\dx 22 後期　20191015\hew 製作\debug\main.obj
d:\学校data\dx 22 後期　20191015\hew 製作\debug\light.obj
d:\学校data\dx 22 後期　20191015\hew 製作\debug\input.obj
d:\学校data\dx 22 後期　20191015\hew 製作\debug\grid.obj
d:\学校data\dx 22 後期　20191015\hew 製作\debug\debug_font.obj
d:\学校data\dx 22 後期　20191015\hew 製作\debug\camera.obj
d:\学校data\dx 22 後期　20191015\hew 製作\debug\cube.obj
d:\学校data\dx 22 後期　20191015\hew 製作\debug\player.obj
d:\学校data\dx 22 後期　20191015\hew 製作\debug\uzu.obj
d:\学校data\dx 22 後期　20191015\hew 製作\debug\collision.obj
d:\学校data\dx 22 後期　20191015\hew 製作\debug\wind.obj
d:\学校data\dx 22 後期　20191015\hew 製作\debug\uzumaker.obj
d:\学校data\dx 22 後期　20191015\hew 製作\debug\jugement.obj
d:\学校data\dx 22 後期　20191015\hew 製作\debug\project4.exe
d:\学校data\dx 22 後期　20191015\hew 製作\debug\project4.ilk
d:\学校data\dx 22 後期　20191015\hew 製作\debug\project4.pdb
d:\学校data\dx 22 後期　20191015\hew 製作\debug\player.obj.enc
d:\学校data\dx 22 後期　20191015\hew 製作\debug\sprite.obj.enc
d:\学校data\dx 22 後期　20191015\hew 製作\debug\project4.tlog\cl.command.1.tlog
d:\学校data\dx 22 後期　20191015\hew 製作\debug\project4.tlog\cl.read.1.tlog
d:\学校data\dx 22 後期　20191015\hew 製作\debug\project4.tlog\cl.write.1.tlog
d:\学校data\dx 22 後期　20191015\hew 製作\debug\project4.tlog\link-cvtres.read.1.tlog
d:\学校data\dx 22 後期　20191015\hew 製作\debug\project4.tlog\link-cvtres.write.1.tlog
d:\学校data\dx 22 後期　20191015\hew 製作\debug\project4.tlog\link-rc.read.1.tlog
d:\学校data\dx 22 後期　20191015\hew 製作\debug\project4.tlog\link-rc.write.1.tlog
d:\学校data\dx 22 後期　20191015\hew 製作\debug\project4.tlog\link.22456-cvtres.read.1.tlog
d:\学校data\dx 22 後期　20191015\hew 製作\debug\project4.tlog\link.22456-cvtres.write.1.tlog
d:\学校data\dx 22 後期　20191015\hew 製作\debug\project4.tlog\link.22456-rc.read.1.tlog
d:\学校data\dx 22 後期　20191015\hew 製作\debug\project4.tlog\link.22456-rc.write.1.tlog
d:\学校data\dx 22 後期　20191015\hew 製作\debug\project4.tlog\link.22456.read.1.tlog
d:\学校data\dx 22 後期　20191015\hew 製作\debug\project4.tlog\link.22456.write.1.tlog
d:\学校data\dx 22 後期　20191015\hew 製作\debug\project4.tlog\link.command.1.tlog
d:\学校data\dx 22 後期　20191015\hew 製作\debug\project4.tlog\link.read.1.tlog
d:\学校data\dx 22 後期　20191015\hew 製作\debug\project4.tlog\link.write.1.tlog
